
2020-08-25 22:41:17,421:INFO:*********** Test_005_SearchCustomerByName ***********
2020-08-25 22:41:24,816:INFO:******* Trying to Login *******
2020-08-25 22:41:30,262:INFO:******* Login Successful *******
2020-08-25 22:41:30,262:INFO:******* Starting Search Customer By Name *******
2020-08-25 22:41:36,796:INFO:******* CLicking on Search Dropdown *******
2020-08-25 22:41:36,825:INFO:******* Search Elements already visible *******
2020-08-25 22:41:38,829:INFO:******* Searching Customer By Name *******
2020-08-25 22:41:42,094:INFO:******* Customer not found with the given Name  *******
2020-08-25 22:41:42,094:INFO:******* Ending Test_005_SearchCustomerByName *******
2020-08-25 22:45:24,883:INFO:*********** Test_004_SearchCustomerByEmail ***********
2020-08-25 22:45:32,875:INFO:******* Trying to Login *******
2020-08-25 22:45:38,143:INFO:******* Login Successful *******
2020-08-25 22:45:38,143:INFO:******* Starting Search Customer By Email *******
2020-08-25 22:45:41,608:INFO:******* Search Elements already visible *******
2020-08-25 22:45:43,622:INFO:******* Searching Customer By Email *******
2020-08-25 22:45:46,967:INFO:Customer found with given email
2020-08-25 22:45:46,967:INFO:******* Ending Test_004_SearchCustomerByEmail *******
2020-08-26 21:13:37,274:INFO:************TEST_001_Login************
2020-08-26 21:13:42,386:INFO:Verifying Home Page Title...
2020-08-26 21:13:42,386:INFO:Home Page Title Passed.
2020-08-26 21:13:55,907:INFO:Verifying Login Test...
2020-08-26 21:13:55,907:INFO:Login Test Passed.
2020-08-26 21:14:01,046:INFO:*********** Test_003_AddCustomer ***********
2020-08-26 21:14:09,170:INFO:******* Trying to Login *******
2020-08-26 21:14:15,481:INFO:******* Login Successful *******
2020-08-26 21:14:15,481:INFO:******* Starting Add Customer Test *******
2020-08-26 21:14:21,775:INFO:******* Providing Customer info *******
2020-08-26 21:14:34,039:INFO:******* Saving Customer info *******
2020-08-26 21:14:34,039:INFO:******* Add Customer Validation started *******
2020-08-26 21:14:34,294:INFO:******* Add Customer Test Passed *******
2020-08-26 21:14:34,384:INFO:******* Ending Test_003_AddCustomer Test *******
2020-08-26 21:14:39,513:INFO:*********** Test_004_SearchCustomerByEmail ***********
2020-08-26 21:14:48,736:INFO:******* Trying to Login *******
2020-08-26 21:14:53,569:INFO:******* Login Successful *******
2020-08-26 21:14:53,569:INFO:******* Starting Search Customer By Email *******
2020-08-26 21:14:57,137:INFO:******* Search Elements already visible *******
2020-08-26 21:14:59,138:INFO:******* Searching Customer By Email *******
2020-08-26 21:15:02,491:INFO:Customer found with given email
2020-08-26 21:15:02,491:INFO:******* Ending Test_004_SearchCustomerByEmail *******
2020-08-26 21:16:14,061:INFO:Verifying Login Test...
2020-08-26 21:16:14,062:INFO:Login Test Passed.
2020-08-26 21:16:24,355:INFO:************TEST_002_Login_DDT************
2020-08-26 21:16:24,355:INFO:*****Verifying Login using DDT*****
2020-08-26 21:16:33,578:INFO:*****Passed*****
2020-08-26 21:16:39,572:INFO:*****Passed*****
2020-08-26 21:16:44,332:INFO:*****Passed*****
2020-08-26 21:16:49,045:INFO:*****Passed*****
2020-08-26 21:16:49,045:INFO:***** Login DDT test passed *****
2020-08-26 21:16:49,099:INFO:#### End of TEST_002_Login_DDT ####
2020-08-26 21:16:54,302:INFO:*********** Test_004_SearchCustomerByEmail ***********
2020-08-26 21:16:59,970:INFO:******* Trying to Login *******
2020-08-26 21:17:02,985:INFO:******* Login Successful *******
2020-08-26 21:17:02,985:INFO:******* Starting Search Customer By Email *******
2020-08-26 21:17:06,437:INFO:******* Search Elements already visible *******
2020-08-26 21:17:08,444:INFO:******* Searching Customer By Email *******
2020-08-26 21:17:11,712:INFO:Customer is not available with given email
2020-08-26 21:17:11,712:INFO:******* Ending Test_004_SearchCustomerByEmail *******
2020-08-26 21:17:16,907:INFO:*********** Test_005_SearchCustomerByName ***********
2020-08-26 21:17:22,631:INFO:******* Trying to Login *******
2020-08-26 21:17:25,641:INFO:******* Login Successful *******
2020-08-26 21:17:25,641:INFO:******* Starting Search Customer By Name *******
2020-08-26 21:17:32,154:INFO:******* Search Elements already visible *******
2020-08-26 21:17:34,160:INFO:******* Searching Customer By Name *******
2020-08-26 21:17:37,459:INFO:******* Customer not found with the given Name  *******
2020-08-26 21:17:37,460:INFO:******* Ending Test_005_SearchCustomerByName *******
2020-08-26 21:25:01,880:INFO:*********** Test_005_SearchCustomerByName ***********
2020-08-26 21:25:11,198:INFO:******* Trying to Login *******
2020-08-26 21:25:17,729:INFO:******* Login Successful *******
2020-08-26 21:25:17,729:INFO:******* Starting Search Customer By Name *******
2020-08-26 21:25:24,127:INFO:******* Search Elements already visible *******
2020-08-26 21:25:26,127:INFO:******* Searching Customer By Name *******
2020-08-26 21:25:31,762:INFO:******* Customer not found with the given Name  *******
2020-08-26 21:25:31,762:INFO:******* Ending Test_005_SearchCustomerByName *******
2020-08-26 21:29:08,840:INFO:*********** Test_005_SearchCustomerByName ***********
2020-08-26 21:29:18,248:INFO:******* Trying to Login *******
2020-08-26 21:29:24,811:INFO:******* Login Successful *******
2020-08-26 21:29:24,812:INFO:******* Starting Search Customer By Name *******
2020-08-26 21:29:32,513:INFO:******* Search Elements already visible *******
2020-08-26 21:29:34,514:INFO:******* Searching Customer By Name *******
2020-08-26 21:29:37,789:INFO:******* Customer found with the given Name  *******
2020-08-26 21:29:37,790:INFO:******* Ending Test_005_SearchCustomerByName *******
2020-08-26 21:30:20,308:INFO:*********** Test_005_SearchCustomerByName ***********
2020-08-26 21:30:29,755:INFO:******* Trying to Login *******
2020-08-26 21:30:36,172:INFO:******* Login Successful *******
2020-08-26 21:30:36,172:INFO:******* Starting Search Customer By Name *******
2020-08-26 21:30:43,927:INFO:******* Search Elements already visible *******
2020-08-26 21:30:45,934:INFO:******* Searching Customer By Name *******
2020-08-26 21:30:51,555:INFO:******* Customer not found with the given Name  *******
2020-08-26 21:30:51,555:INFO:******* Ending Test_005_SearchCustomerByName *******
2020-08-26 21:47:34,576:INFO:*********** Test_005_SearchCustomerByName ***********
2020-08-26 21:47:44,066:INFO:******* Trying to Login *******
2020-08-26 21:47:51,512:INFO:******* Login Successful *******
2020-08-26 21:47:51,513:INFO:******* Starting Search Customer By Name *******
2020-08-26 21:47:58,200:INFO:******* Search Elements already visible *******
2020-08-26 21:48:00,206:INFO:******* Searching Customer By Name *******
2020-08-26 21:48:03,517:INFO:******* Customer found with the given Name  *******
2020-08-26 21:48:03,518:INFO:******* Ending Test_005_SearchCustomerByName *******
2020-08-26 21:50:49,696:INFO:************TEST_001_Login************
2020-08-26 21:50:54,720:INFO:Verifying Home Page Title...
2020-08-26 21:50:54,720:INFO:Home Page Title Passed.
2020-08-26 21:51:13,356:INFO:Verifying Login Test...
2020-08-26 21:51:13,357:INFO:Login Test Passed.
2020-08-26 21:51:23,642:INFO:************TEST_002_Login_DDT************
2020-08-26 21:51:23,642:INFO:*****Verifying Login using DDT*****
2020-08-26 21:51:34,719:INFO:*****Passed*****
2020-08-26 21:51:40,673:INFO:*****Passed*****
2020-08-26 21:51:45,362:INFO:*****Passed*****
2020-08-26 21:51:50,078:INFO:*****Passed*****
2020-08-26 21:51:50,079:INFO:***** Login DDT test passed *****
2020-08-26 21:51:50,138:INFO:#### End of TEST_002_Login_DDT ####
2020-08-26 21:51:55,212:INFO:*********** Test_003_AddCustomer ***********
2020-08-26 21:52:02,093:INFO:******* Trying to Login *******
2020-08-26 21:52:05,618:INFO:******* Login Successful *******
2020-08-26 21:52:05,618:INFO:******* Starting Add Customer Test *******
2020-08-26 21:52:09,655:INFO:******* Providing Customer info *******
2020-08-26 21:52:21,371:INFO:******* Saving Customer info *******
2020-08-26 21:52:21,371:INFO:******* Add Customer Validation started *******
2020-08-26 21:52:21,539:INFO:******* Add Customer Test Passed *******
2020-08-26 21:52:25,957:INFO:******* Ending Test_003_AddCustomer Test *******
2020-08-26 21:52:31,070:INFO:*********** Test_004_SearchCustomerByEmail ***********
2020-08-26 21:52:36,789:INFO:******* Trying to Login *******
2020-08-26 21:52:40,275:INFO:******* Login Successful *******
2020-08-26 21:52:40,275:INFO:******* Starting Search Customer By Email *******
2020-08-26 21:52:43,851:INFO:******* Search Elements already visible *******
2020-08-26 21:52:45,853:INFO:******* Searching Customer By Email *******
2020-08-26 21:52:49,172:INFO:Customer found with given email
2020-08-26 21:52:49,173:INFO:******* Ending Test_004_SearchCustomerByEmail *******
2020-08-26 21:52:54,382:INFO:*********** Test_005_SearchCustomerByName ***********
2020-08-26 21:53:01,249:INFO:******* Trying to Login *******
2020-08-26 21:53:07,717:INFO:******* Login Successful *******
2020-08-26 21:53:07,717:INFO:******* Starting Search Customer By Name *******
2020-08-26 21:53:14,426:INFO:******* Search Elements already visible *******
2020-08-26 21:53:16,427:INFO:******* Searching Customer By Name *******
2020-08-26 21:53:19,707:INFO:******* Customer found with the given Name  *******
2020-08-26 21:53:19,708:INFO:******* Ending Test_005_SearchCustomerByName *******
2020-08-26 22:01:43,715:INFO:************TEST_001_Login************
2020-08-26 22:01:48,897:INFO:Verifying Home Page Title...
2020-08-26 22:01:48,897:INFO:Home Page Title Passed.
2020-08-26 22:02:10,533:INFO:Verifying Login Test...
2020-08-26 22:02:10,533:INFO:Login Test Passed.
2020-08-26 22:02:20,440:INFO:************TEST_002_Login_DDT************
2020-08-26 22:02:20,440:INFO:*****Verifying Login using DDT*****
2020-08-26 22:02:33,303:INFO:*****Passed*****
2020-08-26 22:02:43,563:INFO:*********** Test_003_AddCustomer ***********
2020-08-26 22:02:50,431:INFO:******* Trying to Login *******
2020-08-26 22:02:54,692:INFO:******* Login Successful *******
2020-08-26 22:02:54,692:INFO:******* Starting Add Customer Test *******
2020-08-26 22:03:01,795:INFO:******* Providing Customer info *******
2020-08-26 22:03:06,996:INFO:*********** Test_004_SearchCustomerByEmail ***********
2020-08-26 22:03:13,884:INFO:******* Trying to Login *******
2020-08-26 22:03:18,059:INFO:******* Login Successful *******
2020-08-26 22:03:18,059:INFO:******* Starting Search Customer By Email *******
2020-08-26 22:03:21,469:INFO:******* Search Elements already visible *******
2020-08-26 22:03:23,471:INFO:******* Searching Customer By Email *******
2020-08-26 22:03:26,781:INFO:Customer found with given email
2020-08-26 22:03:26,782:INFO:******* Ending Test_004_SearchCustomerByEmail *******
2020-08-26 22:03:31,925:INFO:*********** Test_005_SearchCustomerByName ***********
2020-08-26 22:03:37,600:INFO:******* Trying to Login *******
2020-08-26 22:03:40,644:INFO:******* Login Successful *******
2020-08-26 22:03:40,645:INFO:******* Starting Search Customer By Name *******
2020-08-26 22:03:47,202:INFO:******* Search Elements already visible *******
2020-08-26 22:03:49,205:INFO:******* Searching Customer By Name *******
2020-08-26 22:03:52,516:INFO:******* Customer found with the given Name  *******
2020-08-26 22:03:52,516:INFO:******* Ending Test_005_SearchCustomerByName *******
2020-08-27 21:19:04,665:INFO:************TEST_001_Login************
2020-08-27 21:19:09,788:INFO:Verifying Home Page Title...
2020-08-27 21:19:09,788:INFO:Home Page Title Passed.
2020-08-27 21:19:29,262:INFO:Verifying Login Test...
2020-08-27 21:19:29,262:INFO:Login Test Passed.
2020-08-27 21:19:39,541:INFO:************TEST_002_Login_DDT************
2020-08-27 21:19:39,541:INFO:*****Verifying Login using DDT*****
2020-08-27 21:19:50,081:INFO:*****Passed*****
2020-08-27 21:19:56,064:INFO:*****Passed*****
2020-08-27 21:20:00,737:INFO:*****Passed*****
2020-08-27 21:20:05,627:INFO:*****Passed*****
2020-08-27 21:20:05,627:INFO:***** Login DDT test passed *****
2020-08-27 21:20:05,675:INFO:#### End of TEST_002_Login_DDT ####
2020-08-27 21:20:10,789:INFO:*********** Test_003_AddCustomer ***********
2020-08-27 21:20:17,732:INFO:******* Trying to Login *******
2020-08-27 21:20:21,812:INFO:******* Login Successful *******
2020-08-27 21:20:21,812:INFO:******* Starting Add Customer Test *******
2020-08-27 21:20:25,765:INFO:******* Providing Customer info *******
2020-08-27 21:20:37,821:INFO:******* Saving Customer info *******
2020-08-27 21:20:37,821:INFO:******* Add Customer Validation started *******
2020-08-27 21:20:38,013:INFO:******* Add Customer Test Passed *******
2020-08-27 21:20:38,064:INFO:******* Ending Test_003_AddCustomer Test *******
2020-08-27 21:20:43,178:INFO:*********** Test_004_SearchCustomerByEmail ***********
2020-08-27 21:20:52,485:INFO:******* Trying to Login *******
2020-08-27 21:20:57,988:INFO:******* Login Successful *******
2020-08-27 21:20:57,989:INFO:******* Starting Search Customer By Email *******
2020-08-27 21:21:02,830:INFO:******* Search Elements already visible *******
2020-08-27 21:21:04,837:INFO:******* Searching Customer By Email *******
2020-08-27 21:21:08,172:INFO:Customer found with given email
2020-08-27 21:21:08,172:INFO:******* Ending Test_004_SearchCustomerByEmail *******
2020-08-27 21:21:13,360:INFO:*********** Test_005_SearchCustomerByName ***********
2020-08-27 21:21:22,550:INFO:******* Trying to Login *******
2020-08-27 21:21:25,572:INFO:******* Login Successful *******
2020-08-27 21:21:25,572:INFO:******* Starting Search Customer By Name *******
2020-08-27 21:21:32,015:INFO:******* Search Elements already visible *******
2020-08-27 21:21:34,016:INFO:******* Searching Customer By Name *******
2020-08-27 21:21:37,303:INFO:******* Customer found with the given Name  *******
2020-08-27 21:21:37,303:INFO:******* Ending Test_005_SearchCustomerByName *******
